DEBUG LOG OPENED → /Users/anishkumarshrestha/Desktop/PIE detector/SCI501/recognition/sessions/ccbe0130/debug.log
[Frame 0] DETECT RESET: faces_detected=1 trackers_reset=1
[Frame 0] detect=True faces_detected=1 trackers_total=1 visible_boxes=1 known=1 unknown=0 names=['anish']
[Frame 0] processed | faces=1 known=1 unknown=0
[Frame 1] DETECT RESET: faces_detected=0 trackers_reset=1
[Frame 1] detect=False faces_detected=0 trackers_total=1 visible_boxes=1 known=1 unknown=0 names=['anish']
[Frame 1] processed | faces=1 known=1 unknown=0
[Frame 2] DETECT RESET: faces_detected=1 trackers_reset=1
[Frame 2] detect=True faces_detected=1 trackers_total=1 visible_boxes=1 known=1 unknown=0 names=['anish']
[Frame 2] processed | faces=1 known=1 unknown=0
[Frame 3] DETECT RESET: faces_detected=0 trackers_reset=1
[Frame 3] detect=False faces_detected=0 trackers_total=1 visible_boxes=1 known=1 unknown=0 names=['anish']
[Frame 3] processed | faces=1 known=1 unknown=0
[Frame 4] DETECT RESET: faces_detected=1 trackers_reset=1
[Frame 4] detect=True faces_detected=1 trackers_total=1 visible_boxes=1 known=1 unknown=0 names=['anish']
[Frame 4] processed | faces=1 known=1 unknown=0
[Frame 5] DETECT RESET: faces_detected=0 trackers_reset=1
[Frame 5] detect=False faces_detected=0 trackers_total=1 visible_boxes=1 known=1 unknown=0 names=['anish']
[Frame 5] processed | faces=1 known=1 unknown=0
[Frame 6] DETECT RESET: faces_detected=1 trackers_reset=1
[Frame 6] detect=True faces_detected=1 trackers_total=1 visible_boxes=1 known=1 unknown=0 names=['anish']
[Frame 6] processed | faces=1 known=1 unknown=0
[Frame 7] DETECT RESET: faces_detected=0 trackers_reset=1
[Frame 7] detect=False faces_detected=0 trackers_total=1 visible_boxes=1 known=1 unknown=0 names=['anish']
[Frame 7] processed | faces=1 known=1 unknown=0
[Frame 8] DETECT RESET: faces_detected=1 trackers_reset=1
[Frame 8] detect=True faces_detected=1 trackers_total=1 visible_boxes=1 known=1 unknown=0 names=['anish']
[Frame 8] processed | faces=1 known=1 unknown=0
[Frame 9] DETECT RESET: faces_detected=0 trackers_reset=1
[Frame 9] detect=False faces_detected=0 trackers_total=1 visible_boxes=1 known=1 unknown=0 names=['anish']
[Frame 9] processed | faces=1 known=1 unknown=0
[Frame 10] DETECT RESET: faces_detected=1 trackers_reset=1
[Frame 10] detect=True faces_detected=1 trackers_total=1 visible_boxes=1 known=1 unknown=0 names=['anish']
[Frame 10] processed | faces=1 known=1 unknown=0
[Frame 11] DETECT RESET: faces_detected=0 trackers_reset=1
[Frame 11] detect=False faces_detected=0 trackers_total=1 visible_boxes=1 known=1 unknown=0 names=['anish']
[Frame 11] processed | faces=1 known=1 unknown=0
[Frame 12] DETECT RESET: faces_detected=1 trackers_reset=1
[Frame 12] detect=True faces_detected=1 trackers_total=1 visible_boxes=1 known=1 unknown=0 names=['anish']
[Frame 12] processed | faces=1 known=1 unknown=0
[Frame 13] DETECT RESET: faces_detected=0 trackers_reset=1
[Frame 13] detect=False faces_detected=0 trackers_total=1 visible_boxes=1 known=1 unknown=0 names=['anish']
[Frame 13] processed | faces=1 known=1 unknown=0
[Frame 14] DETECT RESET: faces_detected=1 trackers_reset=1
[Frame 14] detect=True faces_detected=1 trackers_total=1 visible_boxes=1 known=1 unknown=0 names=['anish']
[Frame 14] processed | faces=1 known=1 unknown=0
[Frame 15] DETECT RESET: faces_detected=0 trackers_reset=1
[Frame 15] detect=False faces_detected=0 trackers_total=1 visible_boxes=1 known=1 unknown=0 names=['anish']
[Frame 15] processed | faces=1 known=1 unknown=0
[Frame 16] DETECT RESET: faces_detected=1 trackers_reset=1
[Frame 16] detect=True faces_detected=1 trackers_total=1 visible_boxes=1 known=1 unknown=0 names=['anish']
[Frame 16] processed | faces=1 known=1 unknown=0
[Frame 17] DETECT RESET: faces_detected=0 trackers_reset=1
[Frame 17] detect=False faces_detected=0 trackers_total=1 visible_boxes=1 known=1 unknown=0 names=['anish']
[Frame 17] processed | faces=1 known=1 unknown=0
[Frame 18] DETECT RESET: faces_detected=2 trackers_reset=2
[Frame 18] detect=True faces_detected=2 trackers_total=2 visible_boxes=1 known=0 unknown=1 names=[]
[Frame 18] processed | faces=1 known=0 unknown=1
[Frame 19] DETECT RESET: faces_detected=0 trackers_reset=2
[Frame 19] detect=False faces_detected=0 trackers_total=2 visible_boxes=1 known=0 unknown=1 names=[]
[Frame 19] processed | faces=1 known=0 unknown=1
[Frame 20] DETECT RESET: faces_detected=2 trackers_reset=2
[Frame 20] detect=True faces_detected=2 trackers_total=2 visible_boxes=1 known=0 unknown=1 names=[]
[Frame 20] processed | faces=1 known=0 unknown=1
[Frame 21] DETECT RESET: faces_detected=0 trackers_reset=2
[Frame 21] detect=False faces_detected=0 trackers_total=2 visible_boxes=1 known=0 unknown=1 names=[]
[Frame 21] processed | faces=1 known=0 unknown=1
[Frame 22] DETECT RESET: faces_detected=2 trackers_reset=2
[Frame 22] detect=True faces_detected=2 trackers_total=2 visible_boxes=1 known=0 unknown=1 names=[]
[Frame 22] processed | faces=1 known=0 unknown=1
[Frame 23] DETECT RESET: faces_detected=0 trackers_reset=2
[Frame 23] detect=False faces_detected=0 trackers_total=2 visible_boxes=1 known=0 unknown=1 names=[]
[Frame 23] processed | faces=1 known=0 unknown=1
[Frame 24] DETECT RESET: faces_detected=2 trackers_reset=2
[Frame 24] detect=True faces_detected=2 trackers_total=2 visible_boxes=1 known=0 unknown=1 names=[]
[Frame 24] processed | faces=1 known=0 unknown=1
[Frame 25] DETECT RESET: faces_detected=0 trackers_reset=2
[Frame 25] detect=False faces_detected=0 trackers_total=2 visible_boxes=1 known=0 unknown=1 names=[]
[Frame 25] processed | faces=1 known=0 unknown=1
[Frame 26] DETECT RESET: faces_detected=2 trackers_reset=2
[Frame 26] detect=True faces_detected=2 trackers_total=2 visible_boxes=1 known=0 unknown=1 names=[]
[Frame 26] processed | faces=1 known=0 unknown=1
[Frame 27] DETECT RESET: faces_detected=0 trackers_reset=2
[Frame 27] detect=False faces_detected=0 trackers_total=2 visible_boxes=1 known=0 unknown=1 names=[]
[Frame 27] processed | faces=1 known=0 unknown=1
[Frame 28] DETECT RESET: faces_detected=2 trackers_reset=2
[Frame 28] detect=True faces_detected=2 trackers_total=2 visible_boxes=1 known=0 unknown=1 names=[]
[Frame 28] processed | faces=1 known=0 unknown=1
[Frame 29] DETECT RESET: faces_detected=0 trackers_reset=2
[Frame 29] detect=False faces_detected=0 trackers_total=2 visible_boxes=1 known=0 unknown=1 names=[]
[Frame 29] processed | faces=1 known=0 unknown=1
[Frame 30] DETECT RESET: faces_detected=2 trackers_reset=2
[Frame 30] detect=True faces_detected=2 trackers_total=2 visible_boxes=2 known=1 unknown=1 names=['anish']
[Frame 30] processed | faces=2 known=1 unknown=1
[Frame 31] DETECT RESET: faces_detected=0 trackers_reset=2
[Frame 31] detect=False faces_detected=0 trackers_total=2 visible_boxes=2 known=1 unknown=1 names=['anish']
[Frame 31] processed | faces=2 known=1 unknown=1
[Frame 32] DETECT RESET: faces_detected=2 trackers_reset=2
[Frame 32] detect=True faces_detected=2 trackers_total=2 visible_boxes=2 known=1 unknown=1 names=['anish']
[Frame 32] processed | faces=2 known=1 unknown=1
[Frame 33] DETECT RESET: faces_detected=0 trackers_reset=2
[Frame 33] detect=False faces_detected=0 trackers_total=2 visible_boxes=2 known=1 unknown=1 names=['anish']
[Frame 33] processed | faces=2 known=1 unknown=1
[Frame 34] DETECT RESET: faces_detected=2 trackers_reset=2
[Frame 34] detect=True faces_detected=2 trackers_total=2 visible_boxes=2 known=1 unknown=1 names=['anish']
[Frame 34] processed | faces=2 known=1 unknown=1
[Frame 35] DETECT RESET: faces_detected=0 trackers_reset=2
[Frame 35] detect=False faces_detected=0 trackers_total=2 visible_boxes=2 known=1 unknown=1 names=['anish']
[Frame 35] processed | faces=2 known=1 unknown=1
[Frame 36] DETECT RESET: faces_detected=2 trackers_reset=2
[Frame 36] detect=True faces_detected=2 trackers_total=2 visible_boxes=2 known=1 unknown=1 names=['anish']
[Frame 36] processed | faces=2 known=1 unknown=1
[Frame 37] DETECT RESET: faces_detected=0 trackers_reset=2
[Frame 37] detect=False faces_detected=0 trackers_total=2 visible_boxes=2 known=1 unknown=1 names=['anish']
[Frame 37] processed | faces=2 known=1 unknown=1
[Frame 38] DETECT RESET: faces_detected=2 trackers_reset=2
[Frame 38] detect=True faces_detected=2 trackers_total=2 visible_boxes=2 known=1 unknown=1 names=['anish']
[Frame 38] processed | faces=2 known=1 unknown=1
[Frame 39] DETECT RESET: faces_detected=0 trackers_reset=2
[Frame 39] detect=False faces_detected=0 trackers_total=2 visible_boxes=2 known=1 unknown=1 names=['anish']
[Frame 39] processed | faces=2 known=1 unknown=1
[Frame 40] DETECT RESET: faces_detected=2 trackers_reset=2
[Frame 40] detect=True faces_detected=2 trackers_total=2 visible_boxes=2 known=1 unknown=1 names=['anish']
[Frame 40] processed | faces=2 known=1 unknown=1
[Frame 41] DETECT RESET: faces_detected=0 trackers_reset=2
[Frame 41] detect=False faces_detected=0 trackers_total=2 visible_boxes=2 known=1 unknown=1 names=['anish']
[Frame 41] processed | faces=2 known=1 unknown=1
[Frame 42] DETECT RESET: faces_detected=2 trackers_reset=2
[Frame 42] detect=True faces_detected=2 trackers_total=2 visible_boxes=2 known=1 unknown=1 names=['anish']
[Frame 42] processed | faces=2 known=1 unknown=1
[Frame 43] DETECT RESET: faces_detected=0 trackers_reset=2
[Frame 43] detect=False faces_detected=0 trackers_total=2 visible_boxes=2 known=1 unknown=1 names=['anish']
[Frame 43] processed | faces=2 known=1 unknown=1
[Frame 44] DETECT RESET: faces_detected=2 trackers_reset=2
[Frame 44] detect=True faces_detected=2 trackers_total=2 visible_boxes=2 known=1 unknown=1 names=['anish']
[Frame 44] processed | faces=2 known=1 unknown=1
[Frame 45] DETECT RESET: faces_detected=0 trackers_reset=2
[Frame 45] detect=False faces_detected=0 trackers_total=2 visible_boxes=2 known=1 unknown=1 names=['anish']
[Frame 45] processed | faces=2 known=1 unknown=1
[Frame 46] DETECT RESET: faces_detected=2 trackers_reset=2
[Frame 46] detect=True faces_detected=2 trackers_total=2 visible_boxes=2 known=1 unknown=1 names=['anish']
[Frame 46] processed | faces=2 known=1 unknown=1
[Frame 47] DETECT RESET: faces_detected=0 trackers_reset=2
[Frame 47] detect=False faces_detected=0 trackers_total=2 visible_boxes=2 known=1 unknown=1 names=['anish']
[Frame 47] processed | faces=2 known=1 unknown=1
[Frame 48] DETECT RESET: faces_detected=2 trackers_reset=2
[Frame 48] detect=True faces_detected=2 trackers_total=2 visible_boxes=2 known=1 unknown=1 names=['anish']
[Frame 48] processed | faces=2 known=1 unknown=1
[Frame 49] DETECT RESET: faces_detected=0 trackers_reset=2
[Frame 49] detect=False faces_detected=0 trackers_total=2 visible_boxes=2 known=1 unknown=1 names=['anish']
[Frame 49] processed | faces=2 known=1 unknown=1
[Frame 50] DETECT RESET: faces_detected=2 trackers_reset=2
[Frame 50] detect=True faces_detected=2 trackers_total=2 visible_boxes=2 known=1 unknown=1 names=['anish']
[Frame 50] processed | faces=2 known=1 unknown=1
[Frame 51] DETECT RESET: faces_detected=0 trackers_reset=2
[Frame 51] detect=False faces_detected=0 trackers_total=2 visible_boxes=2 known=1 unknown=1 names=['anish']
[Frame 51] processed | faces=2 known=1 unknown=1
[Frame 52] DETECT RESET: faces_detected=2 trackers_reset=2
[Frame 52] detect=True faces_detected=2 trackers_total=2 visible_boxes=2 known=1 unknown=1 names=['anish']
[Frame 52] processed | faces=2 known=1 unknown=1
[Frame 53] DETECT RESET: faces_detected=0 trackers_reset=2
[Frame 53] detect=False faces_detected=0 trackers_total=2 visible_boxes=2 known=1 unknown=1 names=['anish']
[Frame 53] processed | faces=2 known=1 unknown=1
[Frame 54] DETECT RESET: faces_detected=2 trackers_reset=2
[Frame 54] detect=True faces_detected=2 trackers_total=2 visible_boxes=2 known=1 unknown=1 names=['anish']
[Frame 54] processed | faces=2 known=1 unknown=1
[Frame 55] DETECT RESET: faces_detected=0 trackers_reset=2
[Frame 55] detect=False faces_detected=0 trackers_total=2 visible_boxes=2 known=1 unknown=1 names=['anish']
[Frame 55] processed | faces=2 known=1 unknown=1
[Frame 56] DETECT RESET: faces_detected=2 trackers_reset=2
[Frame 56] detect=True faces_detected=2 trackers_total=2 visible_boxes=2 known=1 unknown=1 names=['anish']
[Frame 56] processed | faces=2 known=1 unknown=1
[Frame 57] DETECT RESET: faces_detected=0 trackers_reset=2
[Frame 57] detect=False faces_detected=0 trackers_total=2 visible_boxes=2 known=1 unknown=1 names=['anish']
[Frame 57] processed | faces=2 known=1 unknown=1
[Frame 58] DETECT RESET: faces_detected=1 trackers_reset=1
[Frame 58] detect=True faces_detected=1 trackers_total=1 visible_boxes=1 known=0 unknown=1 names=[]
[Frame 58] processed | faces=1 known=0 unknown=1
[Frame 59] DETECT RESET: faces_detected=0 trackers_reset=1
[Frame 59] detect=False faces_detected=0 trackers_total=1 visible_boxes=1 known=0 unknown=1 names=[]
[Frame 59] processed | faces=1 known=0 unknown=1
[Frame 60] DETECT RESET: faces_detected=1 trackers_reset=1
[Frame 60] detect=True faces_detected=1 trackers_total=1 visible_boxes=1 known=0 unknown=1 names=[]
[Frame 60] processed | faces=1 known=0 unknown=1
[Frame 61] DETECT RESET: faces_detected=0 trackers_reset=1
[Frame 61] detect=False faces_detected=0 trackers_total=1 visible_boxes=1 known=0 unknown=1 names=[]
[Frame 61] processed | faces=1 known=0 unknown=1
[Frame 62] DETECT RESET: faces_detected=1 trackers_reset=1
[Frame 62] detect=True faces_detected=1 trackers_total=1 visible_boxes=1 known=0 unknown=1 names=[]
[Frame 62] processed | faces=1 known=0 unknown=1
[Frame 63] DETECT RESET: faces_detected=0 trackers_reset=1
[Frame 63] detect=False faces_detected=0 trackers_total=1 visible_boxes=1 known=0 unknown=1 names=[]
[Frame 63] processed | faces=1 known=0 unknown=1
[Frame 64] DETECT RESET: faces_detected=1 trackers_reset=1
[Frame 64] detect=True faces_detected=1 trackers_total=1 visible_boxes=1 known=0 unknown=1 names=[]
[Frame 64] processed | faces=1 known=0 unknown=1
[Frame 65] DETECT RESET: faces_detected=0 trackers_reset=1
[Frame 65] detect=False faces_detected=0 trackers_total=1 visible_boxes=1 known=0 unknown=1 names=[]
[Frame 65] processed | faces=1 known=0 unknown=1
[Frame 66] DETECT RESET: faces_detected=2 trackers_reset=2
[Frame 66] detect=True faces_detected=2 trackers_total=2 visible_boxes=2 known=1 unknown=1 names=['anish']
[Frame 66] processed | faces=2 known=1 unknown=1
[Frame 67] DETECT RESET: faces_detected=0 trackers_reset=2
[Frame 67] detect=False faces_detected=0 trackers_total=2 visible_boxes=2 known=1 unknown=1 names=['anish']
[Frame 67] processed | faces=2 known=1 unknown=1
[Frame 68] DETECT RESET: faces_detected=2 trackers_reset=2
[Frame 68] detect=True faces_detected=2 trackers_total=2 visible_boxes=1 known=0 unknown=1 names=[]
[Frame 68] processed | faces=1 known=0 unknown=1
[Frame 69] DETECT RESET: faces_detected=0 trackers_reset=2
[Frame 69] detect=False faces_detected=0 trackers_total=2 visible_boxes=1 known=0 unknown=1 names=[]
[Frame 69] processed | faces=1 known=0 unknown=1
[Frame 70] DETECT RESET: faces_detected=2 trackers_reset=2
[Frame 70] detect=True faces_detected=2 trackers_total=2 visible_boxes=2 known=1 unknown=1 names=['anish']
[Frame 70] processed | faces=2 known=1 unknown=1
[Frame 71] DETECT RESET: faces_detected=0 trackers_reset=2
[Frame 71] detect=False faces_detected=0 trackers_total=2 visible_boxes=2 known=1 unknown=1 names=['anish']
[Frame 71] processed | faces=2 known=1 unknown=1
[Frame 72] DETECT RESET: faces_detected=1 trackers_reset=1
[Frame 72] detect=True faces_detected=1 trackers_total=1 visible_boxes=0 known=0 unknown=0 names=[]
[Frame 72] processed | faces=0 known=0 unknown=0
[Frame 73] DETECT RESET: faces_detected=0 trackers_reset=1
[Frame 73] detect=False faces_detected=0 trackers_total=1 visible_boxes=0 known=0 unknown=0 names=[]
[Frame 73] processed | faces=0 known=0 unknown=0
[Frame 74] DETECT RESET: faces_detected=1 trackers_reset=1
[Frame 74] detect=True faces_detected=1 trackers_total=1 visible_boxes=0 known=0 unknown=0 names=[]
[Frame 74] processed | faces=0 known=0 unknown=0
[Frame 75] DETECT RESET: faces_detected=0 trackers_reset=1
[Frame 75] detect=False faces_detected=0 trackers_total=1 visible_boxes=0 known=0 unknown=0 names=[]
[Frame 75] processed | faces=0 known=0 unknown=0
[Frame 76] DETECT RESET: faces_detected=1 trackers_reset=1
[Frame 76] detect=True faces_detected=1 trackers_total=1 visible_boxes=0 known=0 unknown=0 names=[]
[Frame 76] processed | faces=0 known=0 unknown=0
[Frame 77] DETECT RESET: faces_detected=0 trackers_reset=1
[Frame 77] detect=False faces_detected=0 trackers_total=1 visible_boxes=0 known=0 unknown=0 names=[]
[Frame 77] processed | faces=0 known=0 unknown=0
[Frame 78] DETECT RESET: faces_detected=1 trackers_reset=1
[Frame 78] detect=True faces_detected=1 trackers_total=1 visible_boxes=0 known=0 unknown=0 names=[]
[Frame 78] processed | faces=0 known=0 unknown=0
[Frame 79] DETECT RESET: faces_detected=0 trackers_reset=1
[Frame 79] detect=False faces_detected=0 trackers_total=1 visible_boxes=0 known=0 unknown=0 names=[]
[Frame 79] processed | faces=0 known=0 unknown=0
[Frame 80] DETECT RESET: faces_detected=1 trackers_reset=1
[Frame 80] detect=True faces_detected=1 trackers_total=1 visible_boxes=0 known=0 unknown=0 names=[]
[Frame 80] processed | faces=0 known=0 unknown=0
[Frame 81] DETECT RESET: faces_detected=0 trackers_reset=1
[Frame 81] detect=False faces_detected=0 trackers_total=1 visible_boxes=0 known=0 unknown=0 names=[]
[Frame 81] processed | faces=0 known=0 unknown=0
[Frame 82] DETECT RESET: faces_detected=1 trackers_reset=1
[Frame 82] detect=True faces_detected=1 trackers_total=1 visible_boxes=0 known=0 unknown=0 names=[]
[Frame 82] processed | faces=0 known=0 unknown=0
[Frame 83] DETECT RESET: faces_detected=0 trackers_reset=1
[Frame 83] detect=False faces_detected=0 trackers_total=1 visible_boxes=0 known=0 unknown=0 names=[]
[Frame 83] processed | faces=0 known=0 unknown=0
[Frame 84] DETECT RESET: faces_detected=1 trackers_reset=1
[Frame 84] detect=True faces_detected=1 trackers_total=1 visible_boxes=1 known=1 unknown=0 names=['anish']
[Frame 84] processed | faces=1 known=1 unknown=0
[Frame 85] DETECT RESET: faces_detected=0 trackers_reset=1
[Frame 85] detect=False faces_detected=0 trackers_total=1 visible_boxes=1 known=1 unknown=0 names=['anish']
[Frame 85] processed | faces=1 known=1 unknown=0
[Frame 86] DETECT RESET: faces_detected=1 trackers_reset=1
[Frame 86] detect=True faces_detected=1 trackers_total=1 visible_boxes=1 known=1 unknown=0 names=['anish']
[Frame 86] processed | faces=1 known=1 unknown=0
[Frame 87] DETECT RESET: faces_detected=0 trackers_reset=1
[Frame 87] detect=False faces_detected=0 trackers_total=1 visible_boxes=1 known=1 unknown=0 names=['anish']
[Frame 87] processed | faces=1 known=1 unknown=0
[Frame 88] DETECT RESET: faces_detected=1 trackers_reset=1
[Frame 88] detect=True faces_detected=1 trackers_total=1 visible_boxes=1 known=1 unknown=0 names=['anish']
[Frame 88] processed | faces=1 known=1 unknown=0
[Frame 89] DETECT RESET: faces_detected=0 trackers_reset=1
[Frame 89] detect=False faces_detected=0 trackers_total=1 visible_boxes=1 known=1 unknown=0 names=['anish']
[Frame 89] processed | faces=1 known=1 unknown=0
[Frame 90] DETECT RESET: faces_detected=1 trackers_reset=1
[Frame 90] detect=True faces_detected=1 trackers_total=1 visible_boxes=1 known=1 unknown=0 names=['anish']
[Frame 90] processed | faces=1 known=1 unknown=0
[Frame 91] DETECT RESET: faces_detected=0 trackers_reset=1
[Frame 91] detect=False faces_detected=0 trackers_total=1 visible_boxes=1 known=1 unknown=0 names=['anish']
[Frame 91] processed | faces=1 known=1 unknown=0
[Frame 92] DETECT RESET: faces_detected=1 trackers_reset=1
[Frame 92] detect=True faces_detected=1 trackers_total=1 visible_boxes=1 known=1 unknown=0 names=['anish']
[Frame 92] processed | faces=1 known=1 unknown=0
[Frame 93] DETECT RESET: faces_detected=0 trackers_reset=1
[Frame 93] detect=False faces_detected=0 trackers_total=1 visible_boxes=1 known=1 unknown=0 names=['anish']
[Frame 93] processed | faces=1 known=1 unknown=0
[Frame 94] DETECT RESET: faces_detected=1 trackers_reset=1
[Frame 94] detect=True faces_detected=1 trackers_total=1 visible_boxes=1 known=1 unknown=0 names=['anish']
[Frame 94] processed | faces=1 known=1 unknown=0
[Frame 95] DETECT RESET: faces_detected=0 trackers_reset=1
[Frame 95] detect=False faces_detected=0 trackers_total=1 visible_boxes=1 known=1 unknown=0 names=['anish']
[Frame 95] processed | faces=1 known=1 unknown=0
[Frame 96] DETECT RESET: faces_detected=1 trackers_reset=1
[Frame 96] detect=True faces_detected=1 trackers_total=1 visible_boxes=1 known=1 unknown=0 names=['anish']
[Frame 96] processed | faces=1 known=1 unknown=0
[Frame 97] DETECT RESET: faces_detected=0 trackers_reset=1
[Frame 97] detect=False faces_detected=0 trackers_total=1 visible_boxes=1 known=1 unknown=0 names=['anish']
[Frame 97] processed | faces=1 known=1 unknown=0
