DEBUG LOG OPENED → /Users/anishkumarshrestha/Desktop/PIE detector/SCI501/recognition/sessions/e722f4c0/debug.log
[Frame 0] DETECT RESET: faces_detected=0 trackers_reset=0
[Frame 0] detect=True faces_detected=0 trackers_total=0 visible_boxes=0 known=0 unknown=0 names=[]
[Frame 0] processed | faces=0 known=0 unknown=0
[Frame 1] DETECT RESET: faces_detected=0 trackers_reset=0
[Frame 1] detect=False faces_detected=0 trackers_total=0 visible_boxes=0 known=0 unknown=0 names=[]
[Frame 1] processed | faces=0 known=0 unknown=0
[Frame 2] DETECT RESET: faces_detected=1 trackers_reset=1
[Frame 2] detect=True faces_detected=1 trackers_total=1 visible_boxes=1 known=1 unknown=0 names=['anish']
[Frame 2] processed | faces=1 known=1 unknown=0
[Frame 3] DETECT RESET: faces_detected=0 trackers_reset=1
[Frame 3] detect=False faces_detected=0 trackers_total=1 visible_boxes=1 known=1 unknown=0 names=['anish']
[Frame 3] processed | faces=1 known=1 unknown=0
[Frame 4] DETECT RESET: faces_detected=1 trackers_reset=1
[Frame 4] detect=True faces_detected=1 trackers_total=1 visible_boxes=1 known=1 unknown=0 names=['anish']
[Frame 4] processed | faces=1 known=1 unknown=0
[Frame 5] DETECT RESET: faces_detected=0 trackers_reset=1
[Frame 5] detect=False faces_detected=0 trackers_total=1 visible_boxes=1 known=1 unknown=0 names=['anish']
[Frame 5] processed | faces=1 known=1 unknown=0
[Frame 6] DETECT RESET: faces_detected=1 trackers_reset=1
[Frame 6] detect=True faces_detected=1 trackers_total=1 visible_boxes=1 known=1 unknown=0 names=['anish']
[Frame 6] processed | faces=1 known=1 unknown=0
[Frame 7] DETECT RESET: faces_detected=0 trackers_reset=1
[Frame 7] detect=False faces_detected=0 trackers_total=1 visible_boxes=1 known=1 unknown=0 names=['anish']
[Frame 7] processed | faces=1 known=1 unknown=0
[Frame 8] DETECT RESET: faces_detected=1 trackers_reset=1
[Frame 8] detect=True faces_detected=1 trackers_total=1 visible_boxes=1 known=1 unknown=0 names=['anish']
[Frame 8] processed | faces=1 known=1 unknown=0
[Frame 9] DETECT RESET: faces_detected=0 trackers_reset=1
[Frame 9] detect=False faces_detected=0 trackers_total=1 visible_boxes=1 known=1 unknown=0 names=['anish']
[Frame 9] processed | faces=1 known=1 unknown=0
[Frame 10] DETECT RESET: faces_detected=1 trackers_reset=1
[Frame 10] detect=True faces_detected=1 trackers_total=1 visible_boxes=1 known=1 unknown=0 names=['anish']
[Frame 10] processed | faces=1 known=1 unknown=0
[Frame 11] DETECT RESET: faces_detected=0 trackers_reset=1
[Frame 11] detect=False faces_detected=0 trackers_total=1 visible_boxes=1 known=1 unknown=0 names=['anish']
[Frame 11] processed | faces=1 known=1 unknown=0
[Frame 12] DETECT RESET: faces_detected=1 trackers_reset=1
[Frame 12] detect=True faces_detected=1 trackers_total=1 visible_boxes=1 known=1 unknown=0 names=['anish']
[Frame 12] processed | faces=1 known=1 unknown=0
[Frame 13] DETECT RESET: faces_detected=0 trackers_reset=1
[Frame 13] detect=False faces_detected=0 trackers_total=1 visible_boxes=1 known=1 unknown=0 names=['anish']
[Frame 13] processed | faces=1 known=1 unknown=0
[Frame 14] DETECT RESET: faces_detected=1 trackers_reset=1
[Frame 14] detect=True faces_detected=1 trackers_total=1 visible_boxes=1 known=1 unknown=0 names=['anish']
[Frame 14] processed | faces=1 known=1 unknown=0
[Frame 15] DETECT RESET: faces_detected=0 trackers_reset=1
[Frame 15] detect=False faces_detected=0 trackers_total=1 visible_boxes=1 known=1 unknown=0 names=['anish']
[Frame 15] processed | faces=1 known=1 unknown=0
[Frame 16] DETECT RESET: faces_detected=1 trackers_reset=1
[Frame 16] detect=True faces_detected=1 trackers_total=1 visible_boxes=1 known=1 unknown=0 names=['anish']
[Frame 16] processed | faces=1 known=1 unknown=0
[Frame 17] DETECT RESET: faces_detected=0 trackers_reset=1
[Frame 17] detect=False faces_detected=0 trackers_total=1 visible_boxes=1 known=1 unknown=0 names=['anish']
[Frame 17] processed | faces=1 known=1 unknown=0
[Frame 18] DETECT RESET: faces_detected=1 trackers_reset=1
[Frame 18] detect=True faces_detected=1 trackers_total=1 visible_boxes=1 known=1 unknown=0 names=['anish']
[Frame 18] processed | faces=1 known=1 unknown=0
[Frame 19] DETECT RESET: faces_detected=0 trackers_reset=1
[Frame 19] detect=False faces_detected=0 trackers_total=1 visible_boxes=1 known=1 unknown=0 names=['anish']
[Frame 19] processed | faces=1 known=1 unknown=0
[Frame 20] DETECT RESET: faces_detected=1 trackers_reset=1
[Frame 20] detect=True faces_detected=1 trackers_total=1 visible_boxes=1 known=1 unknown=0 names=['anish']
[Frame 20] processed | faces=1 known=1 unknown=0
[Frame 21] DETECT RESET: faces_detected=0 trackers_reset=1
[Frame 21] detect=False faces_detected=0 trackers_total=1 visible_boxes=1 known=1 unknown=0 names=['anish']
[Frame 21] processed | faces=1 known=1 unknown=0
[Frame 22] DETECT RESET: faces_detected=1 trackers_reset=1
[Frame 22] detect=True faces_detected=1 trackers_total=1 visible_boxes=1 known=1 unknown=0 names=['anish']
[Frame 22] processed | faces=1 known=1 unknown=0
[Frame 23] DETECT RESET: faces_detected=0 trackers_reset=1
[Frame 23] detect=False faces_detected=0 trackers_total=1 visible_boxes=1 known=1 unknown=0 names=['anish']
[Frame 23] processed | faces=1 known=1 unknown=0
[Frame 24] DETECT RESET: faces_detected=1 trackers_reset=1
[Frame 24] detect=True faces_detected=1 trackers_total=1 visible_boxes=1 known=1 unknown=0 names=['anish']
[Frame 24] processed | faces=1 known=1 unknown=0
[Frame 25] DETECT RESET: faces_detected=0 trackers_reset=1
[Frame 25] detect=False faces_detected=0 trackers_total=1 visible_boxes=1 known=1 unknown=0 names=['anish']
[Frame 25] processed | faces=1 known=1 unknown=0
